<?xml version="1.0" encoding="UTF-8"?>
<!-- Generated by org.testng.reporters.JUnitXMLReporter -->
<testsuite ignored="0" hostname="yesmadam-Vostro-3581" failures="0" tests="7" name="Default test" time="72.74" errors="0" timestamp="2023-01-13T19:17:15 IST">
  <testcase classname="TestCases.TestCases" name="navigate_to_SetUrLocation" time="1.214"/>
  <testcase classname="TestCases.TestCases" name="enter_userAddress" time="8.811"/>
  <testcase classname="TestCases.TestCases" name="HomeScreenVerify" time="2.02"/>
  <testcase classname="TestCases.TestCases" name="HomeScreenMainCatVerify" time="11.967"/>
  <testcase classname="TestCases.TestCases" name="SubCatsVerify" time="10.386"/>
  <testcase classname="TestCases.TestCases" name="CircleSubCatsVerify" time="5.035"/>
  <testcase classname="TestCases.TestCases" name="AllAddToCartButtonClickedVerify" time="8.772"/>
</testsuite> <!-- Default test -->
