<?xml version="1.0" encoding="UTF-8"?>
<!-- Generated by org.testng.reporters.JUnitXMLReporter -->
<testsuite ignored="0" hostname="yesmadam-Vostro-3581" failures="0" tests="7" name="Default test" time="75.623" errors="0" timestamp="2023-01-13T18:16:21 IST">
  <testcase classname="TestCases.TestCases" name="navigate_to_SetUrLocation" time="1.638"/>
  <testcase classname="TestCases.TestCases" name="enter_userAddress" time="7.172"/>
  <testcase classname="TestCases.TestCases" name="HomeScreenVerify" time="1.102"/>
  <testcase classname="TestCases.TestCases" name="HomeScreenMainCatVerify" time="13.921"/>
  <testcase classname="TestCases.TestCases" name="SubCatsVerify" time="12.956"/>
  <testcase classname="TestCases.TestCases" name="CircleSubCatsVerify" time="2.598"/>
  <testcase classname="TestCases.TestCases" name="AllAddToCartButtonClickedVerify" time="10.701"/>
</testsuite> <!-- Default test -->
