<?xml version="1.0" encoding="UTF-8"?>
<!-- Generated by org.testng.reporters.JUnitXMLReporter -->
<testsuite ignored="0" hostname="yesmadam-Vostro-3581" failures="0" tests="8" name="Default test" time="63.277" errors="0" timestamp="2022-12-31T18:54:05 IST">
  <testcase classname="sample.mainPageTC" name="navigate_to_SetUrLocation" time="0.388"/>
  <testcase classname="sample.mainPageTC" name="enter_userAddress" time="7.704"/>
  <testcase classname="sample.mainPageTC" name="scrollDown" time="6.488"/>
  <testcase classname="sample.mainPageTC" name="scrollUp" time="5.678"/>
  <testcase classname="sample.mainPageTC" name="lostOfAllMainCats" time="0.593"/>
  <testcase classname="sample.mainPageTC" name="SalonAtHome" time="7.632"/>
  <testcase classname="sample.mainPageTC" name="BesSellerClick" time="7.779"/>
  <testcase classname="sample.mainPageTC" name="CircleSubCats" time="2.92"/>
</testsuite> <!-- Default test -->
