<?xml version="1.0" encoding="UTF-8"?>
<!-- Generated by org.testng.reporters.JUnitXMLReporter -->
<testsuite ignored="0" hostname="yesmadam-Vostro-3581" failures="0" tests="7" name="Default test" time="122.861" errors="0" timestamp="2023-01-11T16:14:26 IST">
  <testcase classname="sample.mainPageTC" name="navigate_to_SetUrLocation" time="0.904"/>
  <testcase classname="sample.mainPageTC" name="enter_userAddress" time="8.155"/>
  <testcase classname="sample.mainPageTC" name="Scrolling" time="15.683"/>
  <testcase classname="sample.mainPageTC" name="lostOfAllMainCats" time="0.943"/>
  <testcase classname="sample.mainPageTC" name="SalonAtHome" time="27.549"/>
  <testcase classname="sample.mainPageTC" name="BesSellerClick" time="30.53"/>
  <testcase classname="sample.mainPageTC" name="CircleSubCats" time="15.964"/>
</testsuite> <!-- Default test -->
