<?xml version="1.0" encoding="UTF-8"?>
<!-- Generated by org.testng.reporters.JUnitXMLReporter -->
<testsuite ignored="0" hostname="yesmadam-Vostro-3581" failures="2" tests="27" name="Default test" time="155.007" errors="0" timestamp="2022-12-17T17:31:31 IST">
  <testcase classname="sample.WebMainPageTC" name="navigate_to_homepage_click_on_SetUrLocation" time="0.659"/>
  <testcase classname="sample.WebMainPageTC" name="enter_userAddress" time="6.792"/>
  <testcase classname="sample.WebMainPageTC" name="MainCatSalonAtHome" time="8.297"/>
  <testcase classname="sample.WebMainPageTC" name="BestSellersVerify" time="5.984"/>
  <testcase classname="sample.WebMainPageTC" name="AddToCartButtonClicked" time="0.655"/>
  <testcase classname="sample.WebMainPageTC" name="CheckoutButtonVerify" time="1.368"/>
  <testcase classname="sample.WebMainPageTC" name="enterMobileNumber" time="5.163"/>
  <testcase classname="sample.WebMainPageTC" name="ClickOnSubmitButton" time="0.346"/>
  <testcase classname="sample.WebMainPageTC" name="enterOTP" time="0.547"/>
  <testcase classname="sample.WebMainPageTC" name="ChangeButtonVerify" time="4.322"/>
  <testcase classname="sample.WebMainPageTC" name="DoneButtonVerify" time="0.602"/>
  <testcase classname="sample.WebMainPageTC" name="RemoveButtonVerify" time="0.317"/>
  <testcase classname="sample.WebMainPageTC" name="RemoveButtonNoVerify" time="0.317"/>
  <testcase classname="sample.WebMainPageTC" name="CheckoutOnSchedulePageVerify" time="0.292"/>
  <testcase classname="sample.WebMainPageTC" name="BuildingName" time="6.383"/>
  <testcase classname="sample.WebMainPageTC" name="Address" time="4.409"/>
  <testcase classname="sample.WebMainPageTC" name="SaveButtonVerify" time="0.294"/>
  <testcase classname="sample.WebMainPageTC" name="ChangeAddressVerify" time="5.451">
    <failure type="org.openqa.selenium.ElementClickInterceptedException" message="element click intercepted: Element &amp;lt;span class=&amp;quot;change_address&amp;quot;&amp;gt;...&amp;lt;/span&amp;gt; is not clickable at point (285, 116). Other element would receive the click: &amp;lt;div class=&amp;quot;loader_sec&amp;quot;&amp;gt;...&amp;lt;/div&amp;gt;
  (Session info: chrome=108.0.5359.79)
Build info: version: &amp;apos;4.5.0&amp;apos;, revision: &amp;apos;fe167b119a&amp;apos;
System info: os.name: &amp;apos;Linux&amp;apos;, os.arch: &amp;apos;amd64&amp;apos;, os.version: &amp;apos;5.15.0-56-generic&amp;apos;, java.version: &amp;apos;17.0.5&amp;apos;
Driver info: io.appium.java_client.android.AndroidDriver
Command: [3b91232f-6c6f-4ca3-be6b-c85931d683ad, clickElement {id=5a59c0e8-d7c0-4baf-93ff-05e0389e8fbd}]
Capabilities {appium:appActivity: com.google.android.apps.chr..., appium:appPackage: com.android.chrome, appium:automationName: UIAutomator2, appium:chromedriverExecutable: /home/yesmadam/Desktop/Driv..., appium:databaseEnabled: false, appium:desired: {automationName: UIAutomator2, browserName: Chrome, chromedriverExecutable: /home/yesmadam/Desktop/Driv..., deviceName: vivo, platformName: android}, appium:deviceApiLevel: 27, appium:deviceManufacturer: vivo, appium:deviceModel: vivo 1908, appium:deviceName: OVINKFHATGIR6PBE, appium:deviceScreenDensity: 320, appium:deviceScreenSize: 720x1520, appium:deviceUDID: OVINKFHATGIR6PBE, appium:javascriptEnabled: true, appium:locationContextEnabled: false, appium:networkConnectionEnabled: true, appium:pixelRatio: 2, appium:platformVersion: 8.1.0, appium:statBarHeight: 56, appium:takesScreenshot: true, appium:viewportRect: {height: 1380, left: 0, top: 56, width: 720}, appium:warnings: {}, appium:webStorageEnabled: false, browserName: Chrome, platformName: ANDROID}
Element: [[AndroidDriver: Chrome on ANDROID (3b91232f-6c6f-4ca3-be6b-c85931d683ad)] -&amp;gt; xpath: //span[@class=&amp;apos;change_address&amp;apos;]]
Session ID: 3b91232f-6c6f-4ca3-be6b-c85931d683ad">
      <![CDATA[org.openqa.selenium.ElementClickInterceptedException: element click intercepted: Element <span class="change_address">...</span> is not clickable at point (285, 116). Other element would receive the click: <div class="loader_sec">...</div>
  (Session info: chrome=108.0.5359.79)
Build info: version: '4.5.0', revision: 'fe167b119a'
System info: os.name: 'Linux', os.arch: 'amd64', os.version: '5.15.0-56-generic', java.version: '17.0.5'
Driver info: io.appium.java_client.android.AndroidDriver
Command: [3b91232f-6c6f-4ca3-be6b-c85931d683ad, clickElement {id=5a59c0e8-d7c0-4baf-93ff-05e0389e8fbd}]
Capabilities {appium:appActivity: com.google.android.apps.chr..., appium:appPackage: com.android.chrome, appium:automationName: UIAutomator2, appium:chromedriverExecutable: /home/yesmadam/Desktop/Driv..., appium:databaseEnabled: false, appium:desired: {automationName: UIAutomator2, browserName: Chrome, chromedriverExecutable: /home/yesmadam/Desktop/Driv..., deviceName: vivo, platformName: android}, appium:deviceApiLevel: 27, appium:deviceManufacturer: vivo, appium:deviceModel: vivo 1908, appium:deviceName: OVINKFHATGIR6PBE, appium:deviceScreenDensity: 320, appium:deviceScreenSize: 720x1520, appium:deviceUDID: OVINKFHATGIR6PBE, appium:javascriptEnabled: true, appium:locationContextEnabled: false, appium:networkConnectionEnabled: true, appium:pixelRatio: 2, appium:platformVersion: 8.1.0, appium:statBarHeight: 56, appium:takesScreenshot: true, appium:viewportRect: {height: 1380, left: 0, top: 56, width: 720}, appium:warnings: {}, appium:webStorageEnabled: false, browserName: Chrome, platformName: ANDROID}
Element: [[AndroidDriver: Chrome on ANDROID (3b91232f-6c6f-4ca3-be6b-c85931d683ad)] -> xpath: //span[@class='change_address']]
Session ID: 3b91232f-6c6f-4ca3-be6b-c85931d683ad
at java.base/jdk.internal.reflect.NativeConstructorAccessorImpl.newInstance0(Native Method)
at java.base/jdk.internal.reflect.NativeConstructorAccessorImpl.newInstance(NativeConstructorAccessorImpl.java:77)
at java.base/jdk.internal.reflect.DelegatingConstructorAccessorImpl.newInstance(DelegatingConstructorAccessorImpl.java:45)
at java.base/java.lang.reflect.Constructor.newInstanceWithCaller(Constructor.java:499)
at java.base/java.lang.reflect.Constructor.newInstance(Constructor.java:480)
at org.openqa.selenium.remote.codec.w3c.W3CHttpResponseCodec.createException(W3CHttpResponseCodec.java:200)
at org.openqa.selenium.remote.codec.w3c.W3CHttpResponseCodec.decode(W3CHttpResponseCodec.java:133)
at org.openqa.selenium.remote.codec.w3c.W3CHttpResponseCodec.decode(W3CHttpResponseCodec.java:53)
at org.openqa.selenium.remote.HttpCommandExecutor.execute(HttpCommandExecutor.java:184)
at io.appium.java_client.remote.AppiumCommandExecutor.execute(AppiumCommandExecutor.java:189)
at org.openqa.selenium.remote.RemoteWebDriver.execute(RemoteWebDriver.java:547)
at org.openqa.selenium.remote.RemoteWebElement.execute(RemoteWebElement.java:257)
at org.openqa.selenium.remote.RemoteWebElement.click(RemoteWebElement.java:78)
at java.base/jdk.internal.reflect.NativeMethodAccessorImpl.invoke0(Native Method)
at java.base/jdk.internal.reflect.NativeMethodAccessorImpl.invoke(NativeMethodAccessorImpl.java:77)
at java.base/jdk.internal.reflect.DelegatingMethodAccessorImpl.invoke(DelegatingMethodAccessorImpl.java:43)
at java.base/java.lang.reflect.Method.invoke(Method.java:568)
at org.openqa.selenium.support.pagefactory.internal.LocatingElementHandler.invoke(LocatingElementHandler.java:52)
at jdk.proxy2/jdk.proxy2.$Proxy14.click(Unknown Source)
at sample.webMainPage.ChangeAddressVerify(webMainPage.java:206)
at sample.WebMainPageTC.ChangeAddressVerify(WebMainPageTC.java:118)
at java.base/jdk.internal.reflect.NativeMethodAccessorImpl.invoke0(Native Method)
at java.base/jdk.internal.reflect.NativeMethodAccessorImpl.invoke(NativeMethodAccessorImpl.java:77)
at java.base/jdk.internal.reflect.DelegatingMethodAccessorImpl.invoke(DelegatingMethodAccessorImpl.java:43)
at java.base/java.lang.reflect.Method.invoke(Method.java:568)
at org.testng.internal.invokers.MethodInvocationHelper.invokeMethod(MethodInvocationHelper.java:139)
at org.testng.internal.invokers.TestInvoker.invokeMethod(TestInvoker.java:677)
at org.testng.internal.invokers.TestInvoker.invokeTestMethod(TestInvoker.java:221)
at org.testng.internal.invokers.MethodRunner.runInSequence(MethodRunner.java:50)
at org.testng.internal.invokers.TestInvoker$MethodInvocationAgent.invoke(TestInvoker.java:962)
at org.testng.internal.invokers.TestInvoker.invokeTestMethods(TestInvoker.java:194)
at org.testng.internal.invokers.TestMethodWorker.invokeTestMethods(TestMethodWorker.java:148)
at org.testng.internal.invokers.TestMethodWorker.run(TestMethodWorker.java:128)
at java.base/java.util.ArrayList.forEach(ArrayList.java:1511)
at org.testng.TestRunner.privateRun(TestRunner.java:806)
at org.testng.TestRunner.run(TestRunner.java:601)
at org.testng.SuiteRunner.runTest(SuiteRunner.java:433)
at org.testng.SuiteRunner.runSequentially(SuiteRunner.java:427)
at org.testng.SuiteRunner.privateRun(SuiteRunner.java:387)
at org.testng.SuiteRunner.run(SuiteRunner.java:330)
at org.testng.SuiteRunnerWorker.runSuite(SuiteRunnerWorker.java:52)
at org.testng.SuiteRunnerWorker.run(SuiteRunnerWorker.java:95)
at org.testng.TestNG.runSuitesSequentially(TestNG.java:1256)
at org.testng.TestNG.runSuitesLocally(TestNG.java:1176)
at org.testng.TestNG.runSuites(TestNG.java:1099)
at org.testng.TestNG.run(TestNG.java:1067)
at org.testng.remote.AbstractRemoteTestNG.run(AbstractRemoteTestNG.java:115)
at org.testng.remote.RemoteTestNG.initAndRun(RemoteTestNG.java:251)
at org.testng.remote.RemoteTestNG.main(RemoteTestNG.java:77)
]]>
    </failure>
  </testcase> <!-- ChangeAddressVerify -->
  <testcase classname="sample.WebMainPageTC" name="BackArrowVerify" time="1.302">
    <failure type="org.openqa.selenium.ElementClickInterceptedException" message="element click intercepted: Element &amp;lt;i class=&amp;quot;fa fa-angle-left&amp;quot;&amp;gt;&amp;lt;/i&amp;gt; is not clickable at point (15, 22). Other element would receive the click: &amp;lt;div class=&amp;quot;loader_sec&amp;quot;&amp;gt;...&amp;lt;/div&amp;gt;
  (Session info: chrome=108.0.5359.79)
Build info: version: &amp;apos;4.5.0&amp;apos;, revision: &amp;apos;fe167b119a&amp;apos;
System info: os.name: &amp;apos;Linux&amp;apos;, os.arch: &amp;apos;amd64&amp;apos;, os.version: &amp;apos;5.15.0-56-generic&amp;apos;, java.version: &amp;apos;17.0.5&amp;apos;
Driver info: io.appium.java_client.android.AndroidDriver
Command: [3b91232f-6c6f-4ca3-be6b-c85931d683ad, clickElement {id=899d8cd8-ea51-4a73-8d5f-f7097f20d773}]
Capabilities {appium:appActivity: com.google.android.apps.chr..., appium:appPackage: com.android.chrome, appium:automationName: UIAutomator2, appium:chromedriverExecutable: /home/yesmadam/Desktop/Driv..., appium:databaseEnabled: false, appium:desired: {automationName: UIAutomator2, browserName: Chrome, chromedriverExecutable: /home/yesmadam/Desktop/Driv..., deviceName: vivo, platformName: android}, appium:deviceApiLevel: 27, appium:deviceManufacturer: vivo, appium:deviceModel: vivo 1908, appium:deviceName: OVINKFHATGIR6PBE, appium:deviceScreenDensity: 320, appium:deviceScreenSize: 720x1520, appium:deviceUDID: OVINKFHATGIR6PBE, appium:javascriptEnabled: true, appium:locationContextEnabled: false, appium:networkConnectionEnabled: true, appium:pixelRatio: 2, appium:platformVersion: 8.1.0, appium:statBarHeight: 56, appium:takesScreenshot: true, appium:viewportRect: {height: 1380, left: 0, top: 56, width: 720}, appium:warnings: {}, appium:webStorageEnabled: false, browserName: Chrome, platformName: ANDROID}
Element: [[AndroidDriver: Chrome on ANDROID (3b91232f-6c6f-4ca3-be6b-c85931d683ad)] -&amp;gt; xpath: //i[@class=&amp;apos;fa fa-angle-left&amp;apos;]]
Session ID: 3b91232f-6c6f-4ca3-be6b-c85931d683ad">
      <![CDATA[org.openqa.selenium.ElementClickInterceptedException: element click intercepted: Element <i class="fa fa-angle-left"></i> is not clickable at point (15, 22). Other element would receive the click: <div class="loader_sec">...</div>
  (Session info: chrome=108.0.5359.79)
Build info: version: '4.5.0', revision: 'fe167b119a'
System info: os.name: 'Linux', os.arch: 'amd64', os.version: '5.15.0-56-generic', java.version: '17.0.5'
Driver info: io.appium.java_client.android.AndroidDriver
Command: [3b91232f-6c6f-4ca3-be6b-c85931d683ad, clickElement {id=899d8cd8-ea51-4a73-8d5f-f7097f20d773}]
Capabilities {appium:appActivity: com.google.android.apps.chr..., appium:appPackage: com.android.chrome, appium:automationName: UIAutomator2, appium:chromedriverExecutable: /home/yesmadam/Desktop/Driv..., appium:databaseEnabled: false, appium:desired: {automationName: UIAutomator2, browserName: Chrome, chromedriverExecutable: /home/yesmadam/Desktop/Driv..., deviceName: vivo, platformName: android}, appium:deviceApiLevel: 27, appium:deviceManufacturer: vivo, appium:deviceModel: vivo 1908, appium:deviceName: OVINKFHATGIR6PBE, appium:deviceScreenDensity: 320, appium:deviceScreenSize: 720x1520, appium:deviceUDID: OVINKFHATGIR6PBE, appium:javascriptEnabled: true, appium:locationContextEnabled: false, appium:networkConnectionEnabled: true, appium:pixelRatio: 2, appium:platformVersion: 8.1.0, appium:statBarHeight: 56, appium:takesScreenshot: true, appium:viewportRect: {height: 1380, left: 0, top: 56, width: 720}, appium:warnings: {}, appium:webStorageEnabled: false, browserName: Chrome, platformName: ANDROID}
Element: [[AndroidDriver: Chrome on ANDROID (3b91232f-6c6f-4ca3-be6b-c85931d683ad)] -> xpath: //i[@class='fa fa-angle-left']]
Session ID: 3b91232f-6c6f-4ca3-be6b-c85931d683ad
at java.base/jdk.internal.reflect.NativeConstructorAccessorImpl.newInstance0(Native Method)
at java.base/jdk.internal.reflect.NativeConstructorAccessorImpl.newInstance(NativeConstructorAccessorImpl.java:77)
at java.base/jdk.internal.reflect.DelegatingConstructorAccessorImpl.newInstance(DelegatingConstructorAccessorImpl.java:45)
at java.base/java.lang.reflect.Constructor.newInstanceWithCaller(Constructor.java:499)
at java.base/java.lang.reflect.Constructor.newInstance(Constructor.java:480)
at org.openqa.selenium.remote.codec.w3c.W3CHttpResponseCodec.createException(W3CHttpResponseCodec.java:200)
at org.openqa.selenium.remote.codec.w3c.W3CHttpResponseCodec.decode(W3CHttpResponseCodec.java:133)
at org.openqa.selenium.remote.codec.w3c.W3CHttpResponseCodec.decode(W3CHttpResponseCodec.java:53)
at org.openqa.selenium.remote.HttpCommandExecutor.execute(HttpCommandExecutor.java:184)
at io.appium.java_client.remote.AppiumCommandExecutor.execute(AppiumCommandExecutor.java:189)
at org.openqa.selenium.remote.RemoteWebDriver.execute(RemoteWebDriver.java:547)
at org.openqa.selenium.remote.RemoteWebElement.execute(RemoteWebElement.java:257)
at org.openqa.selenium.remote.RemoteWebElement.click(RemoteWebElement.java:78)
at java.base/jdk.internal.reflect.NativeMethodAccessorImpl.invoke0(Native Method)
at java.base/jdk.internal.reflect.NativeMethodAccessorImpl.invoke(NativeMethodAccessorImpl.java:77)
at java.base/jdk.internal.reflect.DelegatingMethodAccessorImpl.invoke(DelegatingMethodAccessorImpl.java:43)
at java.base/java.lang.reflect.Method.invoke(Method.java:568)
at org.openqa.selenium.support.pagefactory.internal.LocatingElementHandler.invoke(LocatingElementHandler.java:52)
at jdk.proxy2/jdk.proxy2.$Proxy14.click(Unknown Source)
at sample.webMainPage.BackArrowVerify(webMainPage.java:212)
at sample.WebMainPageTC.BackArrowVerify(WebMainPageTC.java:125)
at java.base/jdk.internal.reflect.NativeMethodAccessorImpl.invoke0(Native Method)
at java.base/jdk.internal.reflect.NativeMethodAccessorImpl.invoke(NativeMethodAccessorImpl.java:77)
at java.base/jdk.internal.reflect.DelegatingMethodAccessorImpl.invoke(DelegatingMethodAccessorImpl.java:43)
at java.base/java.lang.reflect.Method.invoke(Method.java:568)
at org.testng.internal.invokers.MethodInvocationHelper.invokeMethod(MethodInvocationHelper.java:139)
at org.testng.internal.invokers.TestInvoker.invokeMethod(TestInvoker.java:677)
at org.testng.internal.invokers.TestInvoker.invokeTestMethod(TestInvoker.java:221)
at org.testng.internal.invokers.MethodRunner.runInSequence(MethodRunner.java:50)
at org.testng.internal.invokers.TestInvoker$MethodInvocationAgent.invoke(TestInvoker.java:962)
at org.testng.internal.invokers.TestInvoker.invokeTestMethods(TestInvoker.java:194)
at org.testng.internal.invokers.TestMethodWorker.invokeTestMethods(TestMethodWorker.java:148)
at org.testng.internal.invokers.TestMethodWorker.run(TestMethodWorker.java:128)
at java.base/java.util.ArrayList.forEach(ArrayList.java:1511)
at org.testng.TestRunner.privateRun(TestRunner.java:806)
at org.testng.TestRunner.run(TestRunner.java:601)
at org.testng.SuiteRunner.runTest(SuiteRunner.java:433)
at org.testng.SuiteRunner.runSequentially(SuiteRunner.java:427)
at org.testng.SuiteRunner.privateRun(SuiteRunner.java:387)
at org.testng.SuiteRunner.run(SuiteRunner.java:330)
at org.testng.SuiteRunnerWorker.runSuite(SuiteRunnerWorker.java:52)
at org.testng.SuiteRunnerWorker.run(SuiteRunnerWorker.java:95)
at org.testng.TestNG.runSuitesSequentially(TestNG.java:1256)
at org.testng.TestNG.runSuitesLocally(TestNG.java:1176)
at org.testng.TestNG.runSuites(TestNG.java:1099)
at org.testng.TestNG.run(TestNG.java:1067)
at org.testng.remote.AbstractRemoteTestNG.run(AbstractRemoteTestNG.java:115)
at org.testng.remote.RemoteTestNG.initAndRun(RemoteTestNG.java:251)
at org.testng.remote.RemoteTestNG.main(RemoteTestNG.java:77)
]]>
    </failure>
  </testcase> <!-- BackArrowVerify -->
  <testcase classname="sample.WebMainPageTC" name="SlotNoteAtButtonVerify" time="5.152"/>
  <testcase classname="sample.WebMainPageTC" name="SavedAddressVerify" time="0.19"/>
  <testcase classname="sample.WebMainPageTC" name="lostOfAllSlotsDate" time="25.139"/>
  <testcase classname="sample.WebMainPageTC" name="lostOfAllPrimeTimeSlotsMorVerify" time="5.229"/>
  <testcase classname="sample.WebMainPageTC" name="lostOfAllNormalSlotsVerify" time="5.288"/>
  <testcase classname="sample.WebMainPageTC" name="lostOfAllPrimeTimeSlotsEveVerify" time="5.222"/>
  <testcase classname="sample.WebMainPageTC" name="ProceedButtonVerify" time="0.492"/>
  <testcase classname="sample.WebMainPageTC" name="PopUpVerify" time="5.892"/>
</testsuite> <!-- Default test -->
