<?xml version="1.0" encoding="UTF-8"?>
<!-- Generated by org.testng.reporters.JUnitXMLReporter -->
<testsuite ignored="0" hostname="yesmadam-Vostro-3581" failures="0" tests="7" name="Default test" time="79.471" errors="0" timestamp="2023-01-13T20:15:26 IST">
  <testcase classname="TestCases.TestCases" name="navigate_to_SetUrLocation" time="0.882"/>
  <testcase classname="TestCases.TestCases" name="enter_userAddress" time="8.522"/>
  <testcase classname="TestCases.TestCases" name="HomeScreenVerify" time="0.971"/>
  <testcase classname="TestCases.TestCases" name="HomeScreenMainCatVerify" time="16.167"/>
  <testcase classname="TestCases.TestCases" name="SubCatsVerify" time="15.09"/>
  <testcase classname="TestCases.TestCases" name="CircleSubCatsVerify" time="2.632"/>
  <testcase classname="TestCases.TestCases" name="AllAddToCartButtonClickedVerify" time="12.338"/>
</testsuite> <!-- Default test -->
