<?xml version="1.0" encoding="UTF-8"?>
<!-- Generated by org.testng.reporters.JUnitXMLReporter -->
<testsuite ignored="0" hostname="yesmadam-Vostro-3581" failures="0" tests="6" name="Default test" time="68.809" errors="0" timestamp="2022-12-28T19:24:19 IST">
  <testcase classname="sample.WebMainPageTC" name="navigate_to_homepage_click_on_SetUrLocation" time="1.071"/>
  <testcase classname="sample.WebMainPageTC" name="enter_userAddress" time="8.215"/>
  <testcase classname="sample.WebMainPageTC" name="MainCatSalonAtHome" time="18.842"/>
  <testcase classname="sample.WebMainPageTC" name="BestSellersVerify" time="5.966"/>
  <testcase classname="sample.WebMainPageTC" name="AddToCartButtonClicked" time="1.945"/>
  <testcase classname="sample.WebMainPageTC" name="PlusButtonVerify" time="8.7"/>
</testsuite> <!-- Default test -->
