<?xml version="1.0" encoding="UTF-8"?>
<!-- Generated by org.testng.reporters.JUnitXMLReporter -->
<testsuite ignored="0" hostname="yesmadam-Vostro-3581" failures="0" tests="9" name="Default test" time="83.657" errors="0" timestamp="2023-01-21T10:33:54 IST">
  <testcase classname="TestCases.TestCases" name="MainScreenTextVerification" time="1.143"/>
  <testcase classname="TestCases.TestCases" name="navigate_to_SetUrLocation" time="0.376"/>
  <testcase classname="TestCases.TestCases" name="enter_userAddress" time="6.619"/>
  <testcase classname="TestCases.TestCases" name="HomeScreenVerify" time="12.241"/>
  <testcase classname="TestCases.TestCases" name="SubCatsVerify" time="5.542"/>
  <testcase classname="TestCases.TestCases" name="CircleSubCatsVerify" time="12.284"/>
  <testcase classname="TestCases.TestCases" name="ServiceSubHeadingVerify" time="1.639"/>
  <testcase classname="TestCases.TestCases" name="AllProductDetailsVerify" time="8.394"/>
  <testcase classname="TestCases.TestCases" name="AddToCartButtonClicked" time="0.713"/>
</testsuite> <!-- Default test -->
