<?xml version="1.0" encoding="UTF-8"?>
<!-- Generated by org.testng.reporters.JUnitXMLReporter -->
<testsuite ignored="0" hostname="yesmadam-Vostro-3581" failures="0" tests="5" name="Default test" time="49.531" errors="0" timestamp="2022-12-31T17:12:54 IST">
  <testcase classname="sample.mainPageTC" name="navigate_to_SetUrLocation" time="0.587"/>
  <testcase classname="sample.mainPageTC" name="enter_userAddress" time="7.848"/>
  <testcase classname="sample.mainPageTC" name="scrollDown" time="6.565"/>
  <testcase classname="sample.mainPageTC" name="scrollUp" time="6.153"/>
  <testcase classname="sample.mainPageTC" name="lostOfAllMainCats" time="0.665"/>
</testsuite> <!-- Default test -->
