<?xml version="1.0" encoding="UTF-8"?>
<testng-results ignored="0" total="7" passed="7" failed="0" skipped="0">
  <reporter-output>
  </reporter-output>
  <suite started-at="2023-01-11T16:12:23 IST" name="Default suite" finished-at="2023-01-11T16:14:26 IST" duration-ms="122861">
    <groups>
    </groups>
    <test started-at="2023-01-11T16:12:23 IST" name="Default test" finished-at="2023-01-11T16:14:26 IST" duration-ms="122861">
      <class name="sample.mainPageTC">
        <test-method is-config="true" signature="webBrowserlaunch()[pri:0, instance:sample.mainPageTC@1ffaf86]" started-at="2023-01-11T16:12:23 IST" name="webBrowserlaunch" finished-at="2023-01-11T16:12:46 IST" duration-ms="23041" status="PASS">
          <reporter-output>
          </reporter-output>
        </test-method> <!-- webBrowserlaunch -->
        <test-method signature="navigate_to_SetUrLocation()[pri:0, instance:sample.mainPageTC@1ffaf86]" started-at="2023-01-11T16:12:46 IST" name="navigate_to_SetUrLocation" finished-at="2023-01-11T16:12:47 IST" duration-ms="904" status="PASS">
          <reporter-output>
          </reporter-output>
        </test-method> <!-- navigate_to_SetUrLocation -->
        <test-method signature="enter_userAddress()[pri:0, instance:sample.mainPageTC@1ffaf86]" started-at="2023-01-11T16:12:47 IST" name="enter_userAddress" finished-at="2023-01-11T16:12:55 IST" depends-on-methods="sample.mainPageTC.navigate_to_SetUrLocation" duration-ms="8155" status="PASS">
          <reporter-output>
          </reporter-output>
        </test-method> <!-- enter_userAddress -->
        <test-method signature="Scrolling()[pri:2, instance:sample.mainPageTC@1ffaf86]" started-at="2023-01-11T16:12:55 IST" name="Scrolling" finished-at="2023-01-11T16:13:11 IST" duration-ms="15683" status="PASS">
          <reporter-output>
          </reporter-output>
        </test-method> <!-- Scrolling -->
        <test-method signature="lostOfAllMainCats()[pri:4, instance:sample.mainPageTC@1ffaf86]" started-at="2023-01-11T16:13:11 IST" name="lostOfAllMainCats" finished-at="2023-01-11T16:13:12 IST" duration-ms="943" status="PASS">
          <reporter-output>
          </reporter-output>
        </test-method> <!-- lostOfAllMainCats -->
        <test-method signature="SalonAtHome()[pri:5, instance:sample.mainPageTC@1ffaf86]" started-at="2023-01-11T16:13:12 IST" name="SalonAtHome" finished-at="2023-01-11T16:13:39 IST" duration-ms="27549" status="PASS">
          <reporter-output>
          </reporter-output>
        </test-method> <!-- SalonAtHome -->
        <test-method signature="BesSellerClick()[pri:6, instance:sample.mainPageTC@1ffaf86]" started-at="2023-01-11T16:13:39 IST" name="BesSellerClick" finished-at="2023-01-11T16:14:10 IST" duration-ms="30530" status="PASS">
          <reporter-output>
          </reporter-output>
        </test-method> <!-- BesSellerClick -->
        <test-method signature="CircleSubCats()[pri:7, instance:sample.mainPageTC@1ffaf86]" started-at="2023-01-11T16:14:10 IST" name="CircleSubCats" finished-at="2023-01-11T16:14:26 IST" duration-ms="15964" status="PASS">
          <reporter-output>
          </reporter-output>
        </test-method> <!-- CircleSubCats -->
      </class> <!-- sample.mainPageTC -->
    </test> <!-- Default test -->
  </suite> <!-- Default suite -->
</testng-results>
