<?xml version="1.0" encoding="UTF-8"?>
<testng-results ignored="0" total="5" passed="5" failed="0" skipped="0">
  <reporter-output>
  </reporter-output>
  <suite started-at="2022-12-31T17:12:04 IST" name="Default suite" finished-at="2022-12-31T17:12:54 IST" duration-ms="49531">
    <groups>
    </groups>
    <test started-at="2022-12-31T17:12:04 IST" name="Default test" finished-at="2022-12-31T17:12:54 IST" duration-ms="49531">
      <class name="sample.mainPageTC">
        <test-method is-config="true" signature="webBrowserlaunch()[pri:0, instance:sample.mainPageTC@6340e5f0]" started-at="2022-12-31T17:12:04 IST" name="webBrowserlaunch" finished-at="2022-12-31T17:12:32 IST" duration-ms="27610" status="PASS">
          <reporter-output>
          </reporter-output>
        </test-method> <!-- webBrowserlaunch -->
        <test-method signature="navigate_to_SetUrLocation()[pri:0, instance:sample.mainPageTC@6340e5f0]" started-at="2022-12-31T17:12:32 IST" name="navigate_to_SetUrLocation" finished-at="2022-12-31T17:12:33 IST" duration-ms="587" status="PASS">
          <reporter-output>
          </reporter-output>
        </test-method> <!-- navigate_to_SetUrLocation -->
        <test-method signature="enter_userAddress()[pri:0, instance:sample.mainPageTC@6340e5f0]" started-at="2022-12-31T17:12:33 IST" name="enter_userAddress" finished-at="2022-12-31T17:12:40 IST" depends-on-methods="sample.mainPageTC.navigate_to_SetUrLocation" duration-ms="7848" status="PASS">
          <reporter-output>
          </reporter-output>
        </test-method> <!-- enter_userAddress -->
        <test-method signature="scrollDown()[pri:2, instance:sample.mainPageTC@6340e5f0]" started-at="2022-12-31T17:12:40 IST" name="scrollDown" finished-at="2022-12-31T17:12:47 IST" duration-ms="6565" status="PASS">
          <reporter-output>
          </reporter-output>
        </test-method> <!-- scrollDown -->
        <test-method signature="scrollUp()[pri:3, instance:sample.mainPageTC@6340e5f0]" started-at="2022-12-31T17:12:47 IST" name="scrollUp" finished-at="2022-12-31T17:12:53 IST" duration-ms="6153" status="PASS">
          <reporter-output>
          </reporter-output>
        </test-method> <!-- scrollUp -->
        <test-method signature="lostOfAllMainCats()[pri:4, instance:sample.mainPageTC@6340e5f0]" started-at="2022-12-31T17:12:53 IST" name="lostOfAllMainCats" finished-at="2022-12-31T17:12:54 IST" duration-ms="665" status="PASS">
          <reporter-output>
          </reporter-output>
        </test-method> <!-- lostOfAllMainCats -->
      </class> <!-- sample.mainPageTC -->
    </test> <!-- Default test -->
  </suite> <!-- Default suite -->
</testng-results>
