<?xml version="1.0" encoding="UTF-8"?>
<testng-results ignored="0" total="27" passed="25" failed="2" skipped="0">
  <reporter-output>
  </reporter-output>
  <suite started-at="2022-12-17T17:28:56 IST" name="Default suite" finished-at="2022-12-17T17:31:31 IST" duration-ms="155007">
    <groups>
    </groups>
    <test started-at="2022-12-17T17:28:56 IST" name="Default test" finished-at="2022-12-17T17:31:31 IST" duration-ms="155007">
      <class name="sample.WebMainPageTC">
        <test-method is-config="true" signature="webBrowserlaunch()[pri:0, instance:sample.WebMainPageTC@15bb5034]" started-at="2022-12-17T17:28:56 IST" name="webBrowserlaunch" finished-at="2022-12-17T17:29:45 IST" duration-ms="48810" status="PASS">
          <reporter-output>
          </reporter-output>
        </test-method> <!-- webBrowserlaunch -->
        <test-method signature="navigate_to_homepage_click_on_SetUrLocation()[pri:0, instance:sample.WebMainPageTC@15bb5034]" started-at="2022-12-17T17:29:45 IST" name="navigate_to_homepage_click_on_SetUrLocation" finished-at="2022-12-17T17:29:46 IST" duration-ms="659" status="PASS">
          <reporter-output>
          </reporter-output>
        </test-method> <!-- navigate_to_homepage_click_on_SetUrLocation -->
        <test-method signature="enter_userAddress()[pri:0, instance:sample.WebMainPageTC@15bb5034]" started-at="2022-12-17T17:29:46 IST" name="enter_userAddress" finished-at="2022-12-17T17:29:52 IST" depends-on-methods="sample.WebMainPageTC.navigate_to_homepage_click_on_SetUrLocation" duration-ms="6792" status="PASS">
          <reporter-output>
          </reporter-output>
        </test-method> <!-- enter_userAddress -->
        <test-method signature="MainCatSalonAtHome()[pri:3, instance:sample.WebMainPageTC@15bb5034]" started-at="2022-12-17T17:29:52 IST" name="MainCatSalonAtHome" finished-at="2022-12-17T17:30:01 IST" duration-ms="8297" status="PASS">
          <reporter-output>
          </reporter-output>
        </test-method> <!-- MainCatSalonAtHome -->
        <test-method signature="BestSellersVerify()[pri:4, instance:sample.WebMainPageTC@15bb5034]" started-at="2022-12-17T17:30:01 IST" name="BestSellersVerify" finished-at="2022-12-17T17:30:07 IST" duration-ms="5984" status="PASS">
          <reporter-output>
          </reporter-output>
        </test-method> <!-- BestSellersVerify -->
        <test-method signature="AddToCartButtonClicked()[pri:0, instance:sample.WebMainPageTC@15bb5034]" started-at="2022-12-17T17:30:07 IST" name="AddToCartButtonClicked" finished-at="2022-12-17T17:30:07 IST" depends-on-methods="sample.WebMainPageTC.BestSellersVerify" duration-ms="655" status="PASS">
          <reporter-output>
          </reporter-output>
        </test-method> <!-- AddToCartButtonClicked -->
        <test-method signature="CheckoutButtonVerify()[pri:0, instance:sample.WebMainPageTC@15bb5034]" started-at="2022-12-17T17:30:07 IST" name="CheckoutButtonVerify" finished-at="2022-12-17T17:30:09 IST" depends-on-methods="sample.WebMainPageTC.AddToCartButtonClicked" duration-ms="1368" status="PASS">
          <reporter-output>
          </reporter-output>
        </test-method> <!-- CheckoutButtonVerify -->
        <test-method signature="enterMobileNumber()[pri:10, instance:sample.WebMainPageTC@15bb5034]" started-at="2022-12-17T17:30:09 IST" name="enterMobileNumber" finished-at="2022-12-17T17:30:14 IST" duration-ms="5163" status="PASS">
          <reporter-output>
          </reporter-output>
        </test-method> <!-- enterMobileNumber -->
        <test-method signature="ClickOnSubmitButton()[pri:11, instance:sample.WebMainPageTC@15bb5034]" started-at="2022-12-17T17:30:14 IST" name="ClickOnSubmitButton" finished-at="2022-12-17T17:30:14 IST" duration-ms="346" status="PASS">
          <reporter-output>
          </reporter-output>
        </test-method> <!-- ClickOnSubmitButton -->
        <test-method signature="enterOTP()[pri:12, instance:sample.WebMainPageTC@15bb5034]" started-at="2022-12-17T17:30:14 IST" name="enterOTP" finished-at="2022-12-17T17:30:15 IST" duration-ms="547" status="PASS">
          <reporter-output>
          </reporter-output>
        </test-method> <!-- enterOTP -->
        <test-method signature="ChangeButtonVerify()[pri:13, instance:sample.WebMainPageTC@15bb5034]" started-at="2022-12-17T17:30:15 IST" name="ChangeButtonVerify" finished-at="2022-12-17T17:30:19 IST" duration-ms="4322" status="PASS">
          <reporter-output>
          </reporter-output>
        </test-method> <!-- ChangeButtonVerify -->
        <test-method signature="DoneButtonVerify()[pri:14, instance:sample.WebMainPageTC@15bb5034]" started-at="2022-12-17T17:30:19 IST" name="DoneButtonVerify" finished-at="2022-12-17T17:30:20 IST" duration-ms="602" status="PASS">
          <reporter-output>
          </reporter-output>
        </test-method> <!-- DoneButtonVerify -->
        <test-method signature="RemoveButtonVerify()[pri:15, instance:sample.WebMainPageTC@15bb5034]" started-at="2022-12-17T17:30:20 IST" name="RemoveButtonVerify" finished-at="2022-12-17T17:30:20 IST" duration-ms="317" status="PASS">
          <reporter-output>
          </reporter-output>
        </test-method> <!-- RemoveButtonVerify -->
        <test-method signature="RemoveButtonNoVerify()[pri:16, instance:sample.WebMainPageTC@15bb5034]" started-at="2022-12-17T17:30:20 IST" name="RemoveButtonNoVerify" finished-at="2022-12-17T17:30:20 IST" duration-ms="317" status="PASS">
          <reporter-output>
          </reporter-output>
        </test-method> <!-- RemoveButtonNoVerify -->
        <test-method signature="CheckoutOnSchedulePageVerify()[pri:17, instance:sample.WebMainPageTC@15bb5034]" started-at="2022-12-17T17:30:20 IST" name="CheckoutOnSchedulePageVerify" finished-at="2022-12-17T17:30:21 IST" duration-ms="292" status="PASS">
          <reporter-output>
          </reporter-output>
        </test-method> <!-- CheckoutOnSchedulePageVerify -->
        <test-method signature="BuildingName()[pri:18, instance:sample.WebMainPageTC@15bb5034]" started-at="2022-12-17T17:30:21 IST" name="BuildingName" finished-at="2022-12-17T17:30:27 IST" duration-ms="6383" status="PASS">
          <reporter-output>
          </reporter-output>
        </test-method> <!-- BuildingName -->
        <test-method signature="Address()[pri:19, instance:sample.WebMainPageTC@15bb5034]" started-at="2022-12-17T17:30:27 IST" name="Address" finished-at="2022-12-17T17:30:31 IST" duration-ms="4409" status="PASS">
          <reporter-output>
          </reporter-output>
        </test-method> <!-- Address -->
        <test-method signature="SaveButtonVerify()[pri:20, instance:sample.WebMainPageTC@15bb5034]" started-at="2022-12-17T17:30:31 IST" name="SaveButtonVerify" finished-at="2022-12-17T17:30:32 IST" duration-ms="294" status="PASS">
          <reporter-output>
          </reporter-output>
        </test-method> <!-- SaveButtonVerify -->
        <test-method signature="ChangeAddressVerify()[pri:21, instance:sample.WebMainPageTC@15bb5034]" started-at="2022-12-17T17:30:32 IST" name="ChangeAddressVerify" finished-at="2022-12-17T17:30:37 IST" duration-ms="5451" status="FAIL">
          <exception class="org.openqa.selenium.ElementClickInterceptedException">
            <message>
              <![CDATA[element click intercepted: Element <span class="change_address">...</span> is not clickable at point (285, 116). Other element would receive the click: <div class="loader_sec">...</div>
  (Session info: chrome=108.0.5359.79)
Build info: version: '4.5.0', revision: 'fe167b119a'
System info: os.name: 'Linux', os.arch: 'amd64', os.version: '5.15.0-56-generic', java.version: '17.0.5'
Driver info: io.appium.java_client.android.AndroidDriver
Command: [3b91232f-6c6f-4ca3-be6b-c85931d683ad, clickElement {id=5a59c0e8-d7c0-4baf-93ff-05e0389e8fbd}]
Capabilities {appium:appActivity: com.google.android.apps.chr..., appium:appPackage: com.android.chrome, appium:automationName: UIAutomator2, appium:chromedriverExecutable: /home/yesmadam/Desktop/Driv..., appium:databaseEnabled: false, appium:desired: {automationName: UIAutomator2, browserName: Chrome, chromedriverExecutable: /home/yesmadam/Desktop/Driv..., deviceName: vivo, platformName: android}, appium:deviceApiLevel: 27, appium:deviceManufacturer: vivo, appium:deviceModel: vivo 1908, appium:deviceName: OVINKFHATGIR6PBE, appium:deviceScreenDensity: 320, appium:deviceScreenSize: 720x1520, appium:deviceUDID: OVINKFHATGIR6PBE, appium:javascriptEnabled: true, appium:locationContextEnabled: false, appium:networkConnectionEnabled: true, appium:pixelRatio: 2, appium:platformVersion: 8.1.0, appium:statBarHeight: 56, appium:takesScreenshot: true, appium:viewportRect: {height: 1380, left: 0, top: 56, width: 720}, appium:warnings: {}, appium:webStorageEnabled: false, browserName: Chrome, platformName: ANDROID}
Element: [[AndroidDriver: Chrome on ANDROID (3b91232f-6c6f-4ca3-be6b-c85931d683ad)] -> xpath: //span[@class='change_address']]
Session ID: 3b91232f-6c6f-4ca3-be6b-c85931d683ad]]>
            </message>
            <full-stacktrace>
              <![CDATA[org.openqa.selenium.ElementClickInterceptedException: element click intercepted: Element <span class="change_address">...</span> is not clickable at point (285, 116). Other element would receive the click: <div class="loader_sec">...</div>
  (Session info: chrome=108.0.5359.79)
Build info: version: '4.5.0', revision: 'fe167b119a'
System info: os.name: 'Linux', os.arch: 'amd64', os.version: '5.15.0-56-generic', java.version: '17.0.5'
Driver info: io.appium.java_client.android.AndroidDriver
Command: [3b91232f-6c6f-4ca3-be6b-c85931d683ad, clickElement {id=5a59c0e8-d7c0-4baf-93ff-05e0389e8fbd}]
Capabilities {appium:appActivity: com.google.android.apps.chr..., appium:appPackage: com.android.chrome, appium:automationName: UIAutomator2, appium:chromedriverExecutable: /home/yesmadam/Desktop/Driv..., appium:databaseEnabled: false, appium:desired: {automationName: UIAutomator2, browserName: Chrome, chromedriverExecutable: /home/yesmadam/Desktop/Driv..., deviceName: vivo, platformName: android}, appium:deviceApiLevel: 27, appium:deviceManufacturer: vivo, appium:deviceModel: vivo 1908, appium:deviceName: OVINKFHATGIR6PBE, appium:deviceScreenDensity: 320, appium:deviceScreenSize: 720x1520, appium:deviceUDID: OVINKFHATGIR6PBE, appium:javascriptEnabled: true, appium:locationContextEnabled: false, appium:networkConnectionEnabled: true, appium:pixelRatio: 2, appium:platformVersion: 8.1.0, appium:statBarHeight: 56, appium:takesScreenshot: true, appium:viewportRect: {height: 1380, left: 0, top: 56, width: 720}, appium:warnings: {}, appium:webStorageEnabled: false, browserName: Chrome, platformName: ANDROID}
Element: [[AndroidDriver: Chrome on ANDROID (3b91232f-6c6f-4ca3-be6b-c85931d683ad)] -> xpath: //span[@class='change_address']]
Session ID: 3b91232f-6c6f-4ca3-be6b-c85931d683ad
at java.base/jdk.internal.reflect.NativeConstructorAccessorImpl.newInstance0(Native Method)
at java.base/jdk.internal.reflect.NativeConstructorAccessorImpl.newInstance(NativeConstructorAccessorImpl.java:77)
at java.base/jdk.internal.reflect.DelegatingConstructorAccessorImpl.newInstance(DelegatingConstructorAccessorImpl.java:45)
at java.base/java.lang.reflect.Constructor.newInstanceWithCaller(Constructor.java:499)
at java.base/java.lang.reflect.Constructor.newInstance(Constructor.java:480)
at org.openqa.selenium.remote.codec.w3c.W3CHttpResponseCodec.createException(W3CHttpResponseCodec.java:200)
at org.openqa.selenium.remote.codec.w3c.W3CHttpResponseCodec.decode(W3CHttpResponseCodec.java:133)
at org.openqa.selenium.remote.codec.w3c.W3CHttpResponseCodec.decode(W3CHttpResponseCodec.java:53)
at org.openqa.selenium.remote.HttpCommandExecutor.execute(HttpCommandExecutor.java:184)
at io.appium.java_client.remote.AppiumCommandExecutor.execute(AppiumCommandExecutor.java:189)
at org.openqa.selenium.remote.RemoteWebDriver.execute(RemoteWebDriver.java:547)
at org.openqa.selenium.remote.RemoteWebElement.execute(RemoteWebElement.java:257)
at org.openqa.selenium.remote.RemoteWebElement.click(RemoteWebElement.java:78)
at java.base/jdk.internal.reflect.NativeMethodAccessorImpl.invoke0(Native Method)
at java.base/jdk.internal.reflect.NativeMethodAccessorImpl.invoke(NativeMethodAccessorImpl.java:77)
at java.base/jdk.internal.reflect.DelegatingMethodAccessorImpl.invoke(DelegatingMethodAccessorImpl.java:43)
at java.base/java.lang.reflect.Method.invoke(Method.java:568)
at org.openqa.selenium.support.pagefactory.internal.LocatingElementHandler.invoke(LocatingElementHandler.java:52)
at jdk.proxy2/jdk.proxy2.$Proxy14.click(Unknown Source)
at sample.webMainPage.ChangeAddressVerify(webMainPage.java:206)
at sample.WebMainPageTC.ChangeAddressVerify(WebMainPageTC.java:118)
at java.base/jdk.internal.reflect.NativeMethodAccessorImpl.invoke0(Native Method)
at java.base/jdk.internal.reflect.NativeMethodAccessorImpl.invoke(NativeMethodAccessorImpl.java:77)
at java.base/jdk.internal.reflect.DelegatingMethodAccessorImpl.invoke(DelegatingMethodAccessorImpl.java:43)
at java.base/java.lang.reflect.Method.invoke(Method.java:568)
at org.testng.internal.invokers.MethodInvocationHelper.invokeMethod(MethodInvocationHelper.java:139)
at org.testng.internal.invokers.TestInvoker.invokeMethod(TestInvoker.java:677)
at org.testng.internal.invokers.TestInvoker.invokeTestMethod(TestInvoker.java:221)
at org.testng.internal.invokers.MethodRunner.runInSequence(MethodRunner.java:50)
at org.testng.internal.invokers.TestInvoker$MethodInvocationAgent.invoke(TestInvoker.java:962)
at org.testng.internal.invokers.TestInvoker.invokeTestMethods(TestInvoker.java:194)
at org.testng.internal.invokers.TestMethodWorker.invokeTestMethods(TestMethodWorker.java:148)
at org.testng.internal.invokers.TestMethodWorker.run(TestMethodWorker.java:128)
at java.base/java.util.ArrayList.forEach(ArrayList.java:1511)
at org.testng.TestRunner.privateRun(TestRunner.java:806)
at org.testng.TestRunner.run(TestRunner.java:601)
at org.testng.SuiteRunner.runTest(SuiteRunner.java:433)
at org.testng.SuiteRunner.runSequentially(SuiteRunner.java:427)
at org.testng.SuiteRunner.privateRun(SuiteRunner.java:387)
at org.testng.SuiteRunner.run(SuiteRunner.java:330)
at org.testng.SuiteRunnerWorker.runSuite(SuiteRunnerWorker.java:52)
at org.testng.SuiteRunnerWorker.run(SuiteRunnerWorker.java:95)
at org.testng.TestNG.runSuitesSequentially(TestNG.java:1256)
at org.testng.TestNG.runSuitesLocally(TestNG.java:1176)
at org.testng.TestNG.runSuites(TestNG.java:1099)
at org.testng.TestNG.run(TestNG.java:1067)
at org.testng.remote.AbstractRemoteTestNG.run(AbstractRemoteTestNG.java:115)
at org.testng.remote.RemoteTestNG.initAndRun(RemoteTestNG.java:251)
at org.testng.remote.RemoteTestNG.main(RemoteTestNG.java:77)
]]>
            </full-stacktrace>
          </exception> <!-- org.openqa.selenium.ElementClickInterceptedException -->
          <reporter-output>
          </reporter-output>
        </test-method> <!-- ChangeAddressVerify -->
        <test-method signature="BackArrowVerify()[pri:22, instance:sample.WebMainPageTC@15bb5034]" started-at="2022-12-17T17:30:37 IST" name="BackArrowVerify" finished-at="2022-12-17T17:30:38 IST" duration-ms="1302" status="FAIL">
          <exception class="org.openqa.selenium.ElementClickInterceptedException">
            <message>
              <![CDATA[element click intercepted: Element <i class="fa fa-angle-left"></i> is not clickable at point (15, 22). Other element would receive the click: <div class="loader_sec">...</div>
  (Session info: chrome=108.0.5359.79)
Build info: version: '4.5.0', revision: 'fe167b119a'
System info: os.name: 'Linux', os.arch: 'amd64', os.version: '5.15.0-56-generic', java.version: '17.0.5'
Driver info: io.appium.java_client.android.AndroidDriver
Command: [3b91232f-6c6f-4ca3-be6b-c85931d683ad, clickElement {id=899d8cd8-ea51-4a73-8d5f-f7097f20d773}]
Capabilities {appium:appActivity: com.google.android.apps.chr..., appium:appPackage: com.android.chrome, appium:automationName: UIAutomator2, appium:chromedriverExecutable: /home/yesmadam/Desktop/Driv..., appium:databaseEnabled: false, appium:desired: {automationName: UIAutomator2, browserName: Chrome, chromedriverExecutable: /home/yesmadam/Desktop/Driv..., deviceName: vivo, platformName: android}, appium:deviceApiLevel: 27, appium:deviceManufacturer: vivo, appium:deviceModel: vivo 1908, appium:deviceName: OVINKFHATGIR6PBE, appium:deviceScreenDensity: 320, appium:deviceScreenSize: 720x1520, appium:deviceUDID: OVINKFHATGIR6PBE, appium:javascriptEnabled: true, appium:locationContextEnabled: false, appium:networkConnectionEnabled: true, appium:pixelRatio: 2, appium:platformVersion: 8.1.0, appium:statBarHeight: 56, appium:takesScreenshot: true, appium:viewportRect: {height: 1380, left: 0, top: 56, width: 720}, appium:warnings: {}, appium:webStorageEnabled: false, browserName: Chrome, platformName: ANDROID}
Element: [[AndroidDriver: Chrome on ANDROID (3b91232f-6c6f-4ca3-be6b-c85931d683ad)] -> xpath: //i[@class='fa fa-angle-left']]
Session ID: 3b91232f-6c6f-4ca3-be6b-c85931d683ad]]>
            </message>
            <full-stacktrace>
              <![CDATA[org.openqa.selenium.ElementClickInterceptedException: element click intercepted: Element <i class="fa fa-angle-left"></i> is not clickable at point (15, 22). Other element would receive the click: <div class="loader_sec">...</div>
  (Session info: chrome=108.0.5359.79)
Build info: version: '4.5.0', revision: 'fe167b119a'
System info: os.name: 'Linux', os.arch: 'amd64', os.version: '5.15.0-56-generic', java.version: '17.0.5'
Driver info: io.appium.java_client.android.AndroidDriver
Command: [3b91232f-6c6f-4ca3-be6b-c85931d683ad, clickElement {id=899d8cd8-ea51-4a73-8d5f-f7097f20d773}]
Capabilities {appium:appActivity: com.google.android.apps.chr..., appium:appPackage: com.android.chrome, appium:automationName: UIAutomator2, appium:chromedriverExecutable: /home/yesmadam/Desktop/Driv..., appium:databaseEnabled: false, appium:desired: {automationName: UIAutomator2, browserName: Chrome, chromedriverExecutable: /home/yesmadam/Desktop/Driv..., deviceName: vivo, platformName: android}, appium:deviceApiLevel: 27, appium:deviceManufacturer: vivo, appium:deviceModel: vivo 1908, appium:deviceName: OVINKFHATGIR6PBE, appium:deviceScreenDensity: 320, appium:deviceScreenSize: 720x1520, appium:deviceUDID: OVINKFHATGIR6PBE, appium:javascriptEnabled: true, appium:locationContextEnabled: false, appium:networkConnectionEnabled: true, appium:pixelRatio: 2, appium:platformVersion: 8.1.0, appium:statBarHeight: 56, appium:takesScreenshot: true, appium:viewportRect: {height: 1380, left: 0, top: 56, width: 720}, appium:warnings: {}, appium:webStorageEnabled: false, browserName: Chrome, platformName: ANDROID}
Element: [[AndroidDriver: Chrome on ANDROID (3b91232f-6c6f-4ca3-be6b-c85931d683ad)] -> xpath: //i[@class='fa fa-angle-left']]
Session ID: 3b91232f-6c6f-4ca3-be6b-c85931d683ad
at java.base/jdk.internal.reflect.NativeConstructorAccessorImpl.newInstance0(Native Method)
at java.base/jdk.internal.reflect.NativeConstructorAccessorImpl.newInstance(NativeConstructorAccessorImpl.java:77)
at java.base/jdk.internal.reflect.DelegatingConstructorAccessorImpl.newInstance(DelegatingConstructorAccessorImpl.java:45)
at java.base/java.lang.reflect.Constructor.newInstanceWithCaller(Constructor.java:499)
at java.base/java.lang.reflect.Constructor.newInstance(Constructor.java:480)
at org.openqa.selenium.remote.codec.w3c.W3CHttpResponseCodec.createException(W3CHttpResponseCodec.java:200)
at org.openqa.selenium.remote.codec.w3c.W3CHttpResponseCodec.decode(W3CHttpResponseCodec.java:133)
at org.openqa.selenium.remote.codec.w3c.W3CHttpResponseCodec.decode(W3CHttpResponseCodec.java:53)
at org.openqa.selenium.remote.HttpCommandExecutor.execute(HttpCommandExecutor.java:184)
at io.appium.java_client.remote.AppiumCommandExecutor.execute(AppiumCommandExecutor.java:189)
at org.openqa.selenium.remote.RemoteWebDriver.execute(RemoteWebDriver.java:547)
at org.openqa.selenium.remote.RemoteWebElement.execute(RemoteWebElement.java:257)
at org.openqa.selenium.remote.RemoteWebElement.click(RemoteWebElement.java:78)
at java.base/jdk.internal.reflect.NativeMethodAccessorImpl.invoke0(Native Method)
at java.base/jdk.internal.reflect.NativeMethodAccessorImpl.invoke(NativeMethodAccessorImpl.java:77)
at java.base/jdk.internal.reflect.DelegatingMethodAccessorImpl.invoke(DelegatingMethodAccessorImpl.java:43)
at java.base/java.lang.reflect.Method.invoke(Method.java:568)
at org.openqa.selenium.support.pagefactory.internal.LocatingElementHandler.invoke(LocatingElementHandler.java:52)
at jdk.proxy2/jdk.proxy2.$Proxy14.click(Unknown Source)
at sample.webMainPage.BackArrowVerify(webMainPage.java:212)
at sample.WebMainPageTC.BackArrowVerify(WebMainPageTC.java:125)
at java.base/jdk.internal.reflect.NativeMethodAccessorImpl.invoke0(Native Method)
at java.base/jdk.internal.reflect.NativeMethodAccessorImpl.invoke(NativeMethodAccessorImpl.java:77)
at java.base/jdk.internal.reflect.DelegatingMethodAccessorImpl.invoke(DelegatingMethodAccessorImpl.java:43)
at java.base/java.lang.reflect.Method.invoke(Method.java:568)
at org.testng.internal.invokers.MethodInvocationHelper.invokeMethod(MethodInvocationHelper.java:139)
at org.testng.internal.invokers.TestInvoker.invokeMethod(TestInvoker.java:677)
at org.testng.internal.invokers.TestInvoker.invokeTestMethod(TestInvoker.java:221)
at org.testng.internal.invokers.MethodRunner.runInSequence(MethodRunner.java:50)
at org.testng.internal.invokers.TestInvoker$MethodInvocationAgent.invoke(TestInvoker.java:962)
at org.testng.internal.invokers.TestInvoker.invokeTestMethods(TestInvoker.java:194)
at org.testng.internal.invokers.TestMethodWorker.invokeTestMethods(TestMethodWorker.java:148)
at org.testng.internal.invokers.TestMethodWorker.run(TestMethodWorker.java:128)
at java.base/java.util.ArrayList.forEach(ArrayList.java:1511)
at org.testng.TestRunner.privateRun(TestRunner.java:806)
at org.testng.TestRunner.run(TestRunner.java:601)
at org.testng.SuiteRunner.runTest(SuiteRunner.java:433)
at org.testng.SuiteRunner.runSequentially(SuiteRunner.java:427)
at org.testng.SuiteRunner.privateRun(SuiteRunner.java:387)
at org.testng.SuiteRunner.run(SuiteRunner.java:330)
at org.testng.SuiteRunnerWorker.runSuite(SuiteRunnerWorker.java:52)
at org.testng.SuiteRunnerWorker.run(SuiteRunnerWorker.java:95)
at org.testng.TestNG.runSuitesSequentially(TestNG.java:1256)
at org.testng.TestNG.runSuitesLocally(TestNG.java:1176)
at org.testng.TestNG.runSuites(TestNG.java:1099)
at org.testng.TestNG.run(TestNG.java:1067)
at org.testng.remote.AbstractRemoteTestNG.run(AbstractRemoteTestNG.java:115)
at org.testng.remote.RemoteTestNG.initAndRun(RemoteTestNG.java:251)
at org.testng.remote.RemoteTestNG.main(RemoteTestNG.java:77)
]]>
            </full-stacktrace>
          </exception> <!-- org.openqa.selenium.ElementClickInterceptedException -->
          <reporter-output>
          </reporter-output>
        </test-method> <!-- BackArrowVerify -->
        <test-method signature="SlotNoteAtButtonVerify()[pri:23, instance:sample.WebMainPageTC@15bb5034]" started-at="2022-12-17T17:30:38 IST" name="SlotNoteAtButtonVerify" finished-at="2022-12-17T17:30:44 IST" duration-ms="5152" status="PASS">
          <reporter-output>
          </reporter-output>
        </test-method> <!-- SlotNoteAtButtonVerify -->
        <test-method signature="SavedAddressVerify()[pri:24, instance:sample.WebMainPageTC@15bb5034]" started-at="2022-12-17T17:30:44 IST" name="SavedAddressVerify" finished-at="2022-12-17T17:30:44 IST" duration-ms="190" status="PASS">
          <reporter-output>
          </reporter-output>
        </test-method> <!-- SavedAddressVerify -->
        <test-method signature="lostOfAllSlotsDate()[pri:25, instance:sample.WebMainPageTC@15bb5034]" started-at="2022-12-17T17:30:44 IST" name="lostOfAllSlotsDate" finished-at="2022-12-17T17:31:09 IST" duration-ms="25139" status="PASS">
          <reporter-output>
          </reporter-output>
        </test-method> <!-- lostOfAllSlotsDate -->
        <test-method signature="lostOfAllPrimeTimeSlotsMorVerify()[pri:26, instance:sample.WebMainPageTC@15bb5034]" started-at="2022-12-17T17:31:09 IST" name="lostOfAllPrimeTimeSlotsMorVerify" finished-at="2022-12-17T17:31:14 IST" duration-ms="5229" status="PASS">
          <reporter-output>
          </reporter-output>
        </test-method> <!-- lostOfAllPrimeTimeSlotsMorVerify -->
        <test-method signature="lostOfAllNormalSlotsVerify()[pri:27, instance:sample.WebMainPageTC@15bb5034]" started-at="2022-12-17T17:31:14 IST" name="lostOfAllNormalSlotsVerify" finished-at="2022-12-17T17:31:19 IST" duration-ms="5288" status="PASS">
          <reporter-output>
          </reporter-output>
        </test-method> <!-- lostOfAllNormalSlotsVerify -->
        <test-method signature="lostOfAllPrimeTimeSlotsEveVerify()[pri:28, instance:sample.WebMainPageTC@15bb5034]" started-at="2022-12-17T17:31:19 IST" name="lostOfAllPrimeTimeSlotsEveVerify" finished-at="2022-12-17T17:31:25 IST" duration-ms="5222" status="PASS">
          <reporter-output>
          </reporter-output>
        </test-method> <!-- lostOfAllPrimeTimeSlotsEveVerify -->
        <test-method signature="ProceedButtonVerify()[pri:29, instance:sample.WebMainPageTC@15bb5034]" started-at="2022-12-17T17:31:25 IST" name="ProceedButtonVerify" finished-at="2022-12-17T17:31:25 IST" duration-ms="492" status="PASS">
          <reporter-output>
          </reporter-output>
        </test-method> <!-- ProceedButtonVerify -->
        <test-method signature="PopUpVerify()[pri:30, instance:sample.WebMainPageTC@15bb5034]" started-at="2022-12-17T17:31:25 IST" name="PopUpVerify" finished-at="2022-12-17T17:31:31 IST" duration-ms="5892" status="PASS">
          <reporter-output>
          </reporter-output>
        </test-method> <!-- PopUpVerify -->
      </class> <!-- sample.WebMainPageTC -->
    </test> <!-- Default test -->
  </suite> <!-- Default suite -->
</testng-results>
