<?xml version="1.0" encoding="UTF-8"?>
<testng-results ignored="0" total="7" passed="7" failed="0" skipped="0">
  <reporter-output>
  </reporter-output>
  <suite started-at="2023-01-13T18:15:05 IST" name="Default suite" finished-at="2023-01-13T18:16:21 IST" duration-ms="75623">
    <groups>
    </groups>
    <test started-at="2023-01-13T18:15:05 IST" name="Default test" finished-at="2023-01-13T18:16:21 IST" duration-ms="75623">
      <class name="TestCases.TestCases">
        <test-method is-config="true" signature="webBrowserlaunch()[pri:0, instance:TestCases.TestCases@1ffaf86]" started-at="2023-01-13T18:15:05 IST" name="webBrowserlaunch" finished-at="2023-01-13T18:15:31 IST" duration-ms="25399" status="PASS">
          <reporter-output>
          </reporter-output>
        </test-method> <!-- webBrowserlaunch -->
        <test-method signature="navigate_to_SetUrLocation()[pri:1, instance:TestCases.TestCases@1ffaf86]" started-at="2023-01-13T18:15:31 IST" name="navigate_to_SetUrLocation" finished-at="2023-01-13T18:15:32 IST" duration-ms="1638" status="PASS">
          <reporter-output>
          </reporter-output>
        </test-method> <!-- navigate_to_SetUrLocation -->
        <test-method signature="enter_userAddress()[pri:0, instance:TestCases.TestCases@1ffaf86]" started-at="2023-01-13T18:15:32 IST" name="enter_userAddress" finished-at="2023-01-13T18:15:40 IST" depends-on-methods="TestCases.TestCases.navigate_to_SetUrLocation" duration-ms="7172" status="PASS">
          <reporter-output>
          </reporter-output>
        </test-method> <!-- enter_userAddress -->
        <test-method signature="HomeScreenVerify()[pri:2, instance:TestCases.TestCases@1ffaf86]" started-at="2023-01-13T18:15:40 IST" name="HomeScreenVerify" finished-at="2023-01-13T18:15:41 IST" duration-ms="1102" status="PASS">
          <reporter-output>
          </reporter-output>
        </test-method> <!-- HomeScreenVerify -->
        <test-method signature="HomeScreenMainCatVerify()[pri:3, instance:TestCases.TestCases@1ffaf86]" started-at="2023-01-13T18:15:41 IST" name="HomeScreenMainCatVerify" finished-at="2023-01-13T18:15:55 IST" duration-ms="13921" status="PASS">
          <reporter-output>
          </reporter-output>
        </test-method> <!-- HomeScreenMainCatVerify -->
        <test-method signature="SubCatsVerify()[pri:4, instance:TestCases.TestCases@1ffaf86]" started-at="2023-01-13T18:15:55 IST" name="SubCatsVerify" finished-at="2023-01-13T18:16:08 IST" duration-ms="12956" status="PASS">
          <reporter-output>
          </reporter-output>
        </test-method> <!-- SubCatsVerify -->
        <test-method signature="CircleSubCatsVerify()[pri:5, instance:TestCases.TestCases@1ffaf86]" started-at="2023-01-13T18:16:08 IST" name="CircleSubCatsVerify" finished-at="2023-01-13T18:16:10 IST" duration-ms="2598" status="PASS">
          <reporter-output>
          </reporter-output>
        </test-method> <!-- CircleSubCatsVerify -->
        <test-method signature="AllAddToCartButtonClickedVerify()[pri:6, instance:TestCases.TestCases@1ffaf86]" started-at="2023-01-13T18:16:10 IST" name="AllAddToCartButtonClickedVerify" finished-at="2023-01-13T18:16:21 IST" duration-ms="10701" status="PASS">
          <reporter-output>
          </reporter-output>
        </test-method> <!-- AllAddToCartButtonClickedVerify -->
      </class> <!-- TestCases.TestCases -->
    </test> <!-- Default test -->
  </suite> <!-- Default suite -->
</testng-results>
