<?xml version="1.0" encoding="UTF-8"?>
<testng-results ignored="0" total="6" passed="6" failed="0" skipped="0">
  <reporter-output>
  </reporter-output>
  <suite started-at="2022-12-28T19:23:10 IST" name="Default suite" finished-at="2022-12-28T19:24:19 IST" duration-ms="68809">
    <groups>
    </groups>
    <test started-at="2022-12-28T19:23:10 IST" name="Default test" finished-at="2022-12-28T19:24:19 IST" duration-ms="68809">
      <class name="sample.WebMainPageTC">
        <test-method is-config="true" signature="webBrowserlaunch()[pri:0, instance:sample.WebMainPageTC@45099dd3]" started-at="2022-12-28T19:23:10 IST" name="webBrowserlaunch" finished-at="2022-12-28T19:23:34 IST" duration-ms="23983" status="PASS">
          <reporter-output>
          </reporter-output>
        </test-method> <!-- webBrowserlaunch -->
        <test-method signature="navigate_to_homepage_click_on_SetUrLocation()[pri:0, instance:sample.WebMainPageTC@45099dd3]" started-at="2022-12-28T19:23:34 IST" name="navigate_to_homepage_click_on_SetUrLocation" finished-at="2022-12-28T19:23:35 IST" duration-ms="1071" status="PASS">
          <reporter-output>
          </reporter-output>
        </test-method> <!-- navigate_to_homepage_click_on_SetUrLocation -->
        <test-method signature="enter_userAddress()[pri:0, instance:sample.WebMainPageTC@45099dd3]" started-at="2022-12-28T19:23:35 IST" name="enter_userAddress" finished-at="2022-12-28T19:23:43 IST" depends-on-methods="sample.WebMainPageTC.navigate_to_homepage_click_on_SetUrLocation" duration-ms="8215" status="PASS">
          <reporter-output>
          </reporter-output>
        </test-method> <!-- enter_userAddress -->
        <test-method signature="MainCatSalonAtHome()[pri:2, instance:sample.WebMainPageTC@45099dd3]" started-at="2022-12-28T19:23:43 IST" name="MainCatSalonAtHome" finished-at="2022-12-28T19:24:02 IST" duration-ms="18842" status="PASS">
          <reporter-output>
          </reporter-output>
        </test-method> <!-- MainCatSalonAtHome -->
        <test-method signature="BestSellersVerify()[pri:3, instance:sample.WebMainPageTC@45099dd3]" started-at="2022-12-28T19:24:02 IST" name="BestSellersVerify" finished-at="2022-12-28T19:24:08 IST" duration-ms="5966" status="PASS">
          <reporter-output>
          </reporter-output>
        </test-method> <!-- BestSellersVerify -->
        <test-method signature="AddToCartButtonClicked()[pri:0, instance:sample.WebMainPageTC@45099dd3]" started-at="2022-12-28T19:24:08 IST" name="AddToCartButtonClicked" finished-at="2022-12-28T19:24:10 IST" depends-on-methods="sample.WebMainPageTC.BestSellersVerify" duration-ms="1945" status="PASS">
          <reporter-output>
          </reporter-output>
        </test-method> <!-- AddToCartButtonClicked -->
        <test-method signature="PlusButtonVerify()[pri:0, instance:sample.WebMainPageTC@45099dd3]" started-at="2022-12-28T19:24:10 IST" name="PlusButtonVerify" finished-at="2022-12-28T19:24:19 IST" depends-on-methods="sample.WebMainPageTC.AddToCartButtonClicked" duration-ms="8700" status="PASS">
          <reporter-output>
          </reporter-output>
        </test-method> <!-- PlusButtonVerify -->
      </class> <!-- sample.WebMainPageTC -->
    </test> <!-- Default test -->
  </suite> <!-- Default suite -->
</testng-results>
