<?xml version="1.0" encoding="UTF-8"?>
<testng-results ignored="0" total="7" passed="7" failed="0" skipped="0">
  <reporter-output>
  </reporter-output>
  <suite started-at="2023-01-13T19:16:02 IST" name="Default suite" finished-at="2023-01-13T19:17:15 IST" duration-ms="72740">
    <groups>
    </groups>
    <test started-at="2023-01-13T19:16:02 IST" name="Default test" finished-at="2023-01-13T19:17:15 IST" duration-ms="72740">
      <class name="TestCases.TestCases">
        <test-method is-config="true" signature="webBrowserlaunch()[pri:0, instance:TestCases.TestCases@1ffaf86]" started-at="2023-01-13T19:16:02 IST" name="webBrowserlaunch" finished-at="2023-01-13T19:16:27 IST" duration-ms="24447" status="PASS">
          <reporter-output>
          </reporter-output>
        </test-method> <!-- webBrowserlaunch -->
        <test-method signature="navigate_to_SetUrLocation()[pri:1, instance:TestCases.TestCases@1ffaf86]" started-at="2023-01-13T19:16:27 IST" name="navigate_to_SetUrLocation" finished-at="2023-01-13T19:16:28 IST" duration-ms="1214" status="PASS">
          <reporter-output>
          </reporter-output>
        </test-method> <!-- navigate_to_SetUrLocation -->
        <test-method signature="enter_userAddress()[pri:0, instance:TestCases.TestCases@1ffaf86]" started-at="2023-01-13T19:16:28 IST" name="enter_userAddress" finished-at="2023-01-13T19:16:37 IST" depends-on-methods="TestCases.TestCases.navigate_to_SetUrLocation" duration-ms="8811" status="PASS">
          <reporter-output>
          </reporter-output>
        </test-method> <!-- enter_userAddress -->
        <test-method signature="HomeScreenVerify()[pri:2, instance:TestCases.TestCases@1ffaf86]" started-at="2023-01-13T19:16:37 IST" name="HomeScreenVerify" finished-at="2023-01-13T19:16:39 IST" duration-ms="2020" status="PASS">
          <reporter-output>
          </reporter-output>
        </test-method> <!-- HomeScreenVerify -->
        <test-method signature="HomeScreenMainCatVerify()[pri:3, instance:TestCases.TestCases@1ffaf86]" started-at="2023-01-13T19:16:39 IST" name="HomeScreenMainCatVerify" finished-at="2023-01-13T19:16:51 IST" duration-ms="11967" status="PASS">
          <reporter-output>
          </reporter-output>
        </test-method> <!-- HomeScreenMainCatVerify -->
        <test-method signature="SubCatsVerify()[pri:4, instance:TestCases.TestCases@1ffaf86]" started-at="2023-01-13T19:16:51 IST" name="SubCatsVerify" finished-at="2023-01-13T19:17:01 IST" duration-ms="10386" status="PASS">
          <reporter-output>
          </reporter-output>
        </test-method> <!-- SubCatsVerify -->
        <test-method signature="CircleSubCatsVerify()[pri:5, instance:TestCases.TestCases@1ffaf86]" started-at="2023-01-13T19:17:01 IST" name="CircleSubCatsVerify" finished-at="2023-01-13T19:17:06 IST" duration-ms="5035" status="PASS">
          <reporter-output>
          </reporter-output>
        </test-method> <!-- CircleSubCatsVerify -->
        <test-method signature="AllAddToCartButtonClickedVerify()[pri:6, instance:TestCases.TestCases@1ffaf86]" started-at="2023-01-13T19:17:06 IST" name="AllAddToCartButtonClickedVerify" finished-at="2023-01-13T19:17:15 IST" duration-ms="8772" status="PASS">
          <reporter-output>
          </reporter-output>
        </test-method> <!-- AllAddToCartButtonClickedVerify -->
      </class> <!-- TestCases.TestCases -->
    </test> <!-- Default test -->
  </suite> <!-- Default suite -->
</testng-results>
