<?xml version="1.0" encoding="UTF-8"?>
<testng-results ignored="0" total="9" passed="9" failed="0" skipped="0">
  <reporter-output>
  </reporter-output>
  <suite started-at="2023-01-21T10:32:31 IST" name="Default suite" finished-at="2023-01-21T10:33:54 IST" duration-ms="83657">
    <groups>
    </groups>
    <test started-at="2023-01-21T10:32:31 IST" name="Default test" finished-at="2023-01-21T10:33:54 IST" duration-ms="83657">
      <class name="TestCases.TestCases">
        <test-method is-config="true" signature="webBrowserlaunch()[pri:0, instance:TestCases.TestCases@7d0b7e3c]" started-at="2023-01-21T10:32:31 IST" name="webBrowserlaunch" finished-at="2023-01-21T10:33:05 IST" duration-ms="34580" status="PASS">
          <reporter-output>
          </reporter-output>
        </test-method> <!-- webBrowserlaunch -->
        <test-method signature="MainScreenTextVerification()[pri:1, instance:TestCases.TestCases@7d0b7e3c]" started-at="2023-01-21T10:33:05 IST" name="MainScreenTextVerification" finished-at="2023-01-21T10:33:06 IST" duration-ms="1143" status="PASS">
          <reporter-output>
          </reporter-output>
        </test-method> <!-- MainScreenTextVerification -->
        <test-method signature="navigate_to_SetUrLocation()[pri:2, instance:TestCases.TestCases@7d0b7e3c]" started-at="2023-01-21T10:33:06 IST" name="navigate_to_SetUrLocation" finished-at="2023-01-21T10:33:07 IST" duration-ms="376" status="PASS">
          <reporter-output>
          </reporter-output>
        </test-method> <!-- navigate_to_SetUrLocation -->
        <test-method signature="enter_userAddress()[pri:0, instance:TestCases.TestCases@7d0b7e3c]" started-at="2023-01-21T10:33:07 IST" name="enter_userAddress" finished-at="2023-01-21T10:33:13 IST" depends-on-methods="TestCases.TestCases.navigate_to_SetUrLocation" duration-ms="6619" status="PASS">
          <reporter-output>
          </reporter-output>
        </test-method> <!-- enter_userAddress -->
        <test-method signature="HomeScreenVerify()[pri:3, instance:TestCases.TestCases@7d0b7e3c]" started-at="2023-01-21T10:33:13 IST" name="HomeScreenVerify" finished-at="2023-01-21T10:33:26 IST" duration-ms="12241" status="PASS">
          <reporter-output>
          </reporter-output>
        </test-method> <!-- HomeScreenVerify -->
        <test-method signature="SubCatsVerify()[pri:5, instance:TestCases.TestCases@7d0b7e3c]" started-at="2023-01-21T10:33:26 IST" name="SubCatsVerify" finished-at="2023-01-21T10:33:31 IST" duration-ms="5542" status="PASS">
          <reporter-output>
          </reporter-output>
        </test-method> <!-- SubCatsVerify -->
        <test-method signature="CircleSubCatsVerify()[pri:6, instance:TestCases.TestCases@7d0b7e3c]" started-at="2023-01-21T10:33:31 IST" name="CircleSubCatsVerify" finished-at="2023-01-21T10:33:44 IST" duration-ms="12284" status="PASS">
          <reporter-output>
          </reporter-output>
        </test-method> <!-- CircleSubCatsVerify -->
        <test-method signature="ServiceSubHeadingVerify()[pri:7, instance:TestCases.TestCases@7d0b7e3c]" started-at="2023-01-21T10:33:44 IST" name="ServiceSubHeadingVerify" finished-at="2023-01-21T10:33:45 IST" duration-ms="1639" status="PASS">
          <reporter-output>
          </reporter-output>
        </test-method> <!-- ServiceSubHeadingVerify -->
        <test-method signature="AllProductDetailsVerify()[pri:8, instance:TestCases.TestCases@7d0b7e3c]" started-at="2023-01-21T10:33:45 IST" name="AllProductDetailsVerify" finished-at="2023-01-21T10:33:54 IST" duration-ms="8394" status="PASS">
          <reporter-output>
          </reporter-output>
        </test-method> <!-- AllProductDetailsVerify -->
        <test-method signature="AddToCartButtonClicked()[pri:9, instance:TestCases.TestCases@7d0b7e3c]" started-at="2023-01-21T10:33:54 IST" name="AddToCartButtonClicked" finished-at="2023-01-21T10:33:54 IST" duration-ms="713" status="PASS">
          <reporter-output>
          </reporter-output>
        </test-method> <!-- AddToCartButtonClicked -->
      </class> <!-- TestCases.TestCases -->
    </test> <!-- Default test -->
  </suite> <!-- Default suite -->
</testng-results>
