<?xml version="1.0" encoding="UTF-8"?>
<testng-results ignored="0" total="8" passed="8" failed="0" skipped="0">
  <reporter-output>
  </reporter-output>
  <suite started-at="2022-12-31T18:53:02 IST" name="Default suite" finished-at="2022-12-31T18:54:05 IST" duration-ms="63277">
    <groups>
    </groups>
    <test started-at="2022-12-31T18:53:02 IST" name="Default test" finished-at="2022-12-31T18:54:05 IST" duration-ms="63277">
      <class name="sample.mainPageTC">
        <test-method is-config="true" signature="webBrowserlaunch()[pri:0, instance:sample.mainPageTC@6c1a5b54]" started-at="2022-12-31T18:53:02 IST" name="webBrowserlaunch" finished-at="2022-12-31T18:53:26 IST" duration-ms="23968" status="PASS">
          <reporter-output>
          </reporter-output>
        </test-method> <!-- webBrowserlaunch -->
        <test-method signature="navigate_to_SetUrLocation()[pri:0, instance:sample.mainPageTC@6c1a5b54]" started-at="2022-12-31T18:53:26 IST" name="navigate_to_SetUrLocation" finished-at="2022-12-31T18:53:26 IST" duration-ms="388" status="PASS">
          <reporter-output>
          </reporter-output>
        </test-method> <!-- navigate_to_SetUrLocation -->
        <test-method signature="enter_userAddress()[pri:0, instance:sample.mainPageTC@6c1a5b54]" started-at="2022-12-31T18:53:26 IST" name="enter_userAddress" finished-at="2022-12-31T18:53:34 IST" depends-on-methods="sample.mainPageTC.navigate_to_SetUrLocation" duration-ms="7704" status="PASS">
          <reporter-output>
          </reporter-output>
        </test-method> <!-- enter_userAddress -->
        <test-method signature="scrollDown()[pri:2, instance:sample.mainPageTC@6c1a5b54]" started-at="2022-12-31T18:53:34 IST" name="scrollDown" finished-at="2022-12-31T18:53:40 IST" duration-ms="6488" status="PASS">
          <reporter-output>
          </reporter-output>
        </test-method> <!-- scrollDown -->
        <test-method signature="scrollUp()[pri:3, instance:sample.mainPageTC@6c1a5b54]" started-at="2022-12-31T18:53:40 IST" name="scrollUp" finished-at="2022-12-31T18:53:46 IST" duration-ms="5678" status="PASS">
          <reporter-output>
          </reporter-output>
        </test-method> <!-- scrollUp -->
        <test-method signature="lostOfAllMainCats()[pri:4, instance:sample.mainPageTC@6c1a5b54]" started-at="2022-12-31T18:53:46 IST" name="lostOfAllMainCats" finished-at="2022-12-31T18:53:47 IST" duration-ms="593" status="PASS">
          <reporter-output>
          </reporter-output>
        </test-method> <!-- lostOfAllMainCats -->
        <test-method signature="SalonAtHome()[pri:5, instance:sample.mainPageTC@6c1a5b54]" started-at="2022-12-31T18:53:47 IST" name="SalonAtHome" finished-at="2022-12-31T18:53:54 IST" duration-ms="7632" status="PASS">
          <reporter-output>
          </reporter-output>
        </test-method> <!-- SalonAtHome -->
        <test-method signature="BesSellerClick()[pri:6, instance:sample.mainPageTC@6c1a5b54]" started-at="2022-12-31T18:53:54 IST" name="BesSellerClick" finished-at="2022-12-31T18:54:02 IST" duration-ms="7779" status="PASS">
          <reporter-output>
          </reporter-output>
        </test-method> <!-- BesSellerClick -->
        <test-method signature="CircleSubCats()[pri:7, instance:sample.mainPageTC@6c1a5b54]" started-at="2022-12-31T18:54:02 IST" name="CircleSubCats" finished-at="2022-12-31T18:54:05 IST" duration-ms="2920" status="PASS">
          <reporter-output>
          </reporter-output>
        </test-method> <!-- CircleSubCats -->
      </class> <!-- sample.mainPageTC -->
    </test> <!-- Default test -->
  </suite> <!-- Default suite -->
</testng-results>
