<?xml version="1.0" encoding="UTF-8"?>
<testng-results ignored="0" total="1" passed="1" failed="0" skipped="0">
  <reporter-output>
  </reporter-output>
  <suite started-at="2023-01-15T04:00:40 IST" name="Default suite" finished-at="2023-01-15T04:00:47 IST" duration-ms="6841">
    <groups>
    </groups>
    <test started-at="2023-01-15T04:00:40 IST" name="Default test" finished-at="2023-01-15T04:00:47 IST" duration-ms="6841">
      <class name="sample.NestedIfExample">
        <test-method signature="testNestedIfExample()[pri:0, instance:sample.NestedIfExample@28f3b248]" started-at="2023-01-15T04:00:40 IST" name="testNestedIfExample" finished-at="2023-01-15T04:00:47 IST" duration-ms="6767" status="PASS">
          <reporter-output>
          </reporter-output>
        </test-method> <!-- testNestedIfExample -->
      </class> <!-- sample.NestedIfExample -->
    </test> <!-- Default test -->
  </suite> <!-- Default suite -->
</testng-results>
