<?xml version="1.0" encoding="UTF-8"?>
<testng-results ignored="0" total="7" passed="6" failed="1" skipped="0">
  <reporter-output>
  </reporter-output>
  <suite started-at="2023-01-19T11:23:56 IST" name="Default suite" finished-at="2023-01-19T11:25:02 IST" duration-ms="65802">
    <groups>
    </groups>
    <test started-at="2023-01-19T11:23:56 IST" name="Default test" finished-at="2023-01-19T11:25:02 IST" duration-ms="65802">
      <class name="TestCases.TestCases">
        <test-method is-config="true" signature="webBrowserlaunch()[pri:0, instance:TestCases.TestCases@1ffaf86]" started-at="2023-01-19T11:23:56 IST" name="webBrowserlaunch" finished-at="2023-01-19T11:24:20 IST" duration-ms="23902" status="PASS">
          <reporter-output>
          </reporter-output>
        </test-method> <!-- webBrowserlaunch -->
        <test-method signature="MainScreenTextVerification()[pri:1, instance:TestCases.TestCases@1ffaf86]" started-at="2023-01-19T11:24:20 IST" name="MainScreenTextVerification" finished-at="2023-01-19T11:24:21 IST" duration-ms="1364" status="PASS">
          <reporter-output>
          </reporter-output>
        </test-method> <!-- MainScreenTextVerification -->
        <test-method signature="navigate_to_SetUrLocation()[pri:2, instance:TestCases.TestCases@1ffaf86]" started-at="2023-01-19T11:24:21 IST" name="navigate_to_SetUrLocation" finished-at="2023-01-19T11:24:22 IST" duration-ms="403" status="PASS">
          <reporter-output>
          </reporter-output>
        </test-method> <!-- navigate_to_SetUrLocation -->
        <test-method signature="enter_userAddress()[pri:0, instance:TestCases.TestCases@1ffaf86]" started-at="2023-01-19T11:24:22 IST" name="enter_userAddress" finished-at="2023-01-19T11:24:29 IST" depends-on-methods="TestCases.TestCases.navigate_to_SetUrLocation" duration-ms="7186" status="PASS">
          <reporter-output>
          </reporter-output>
        </test-method> <!-- enter_userAddress -->
        <test-method signature="HomeScreenVerify()[pri:3, instance:TestCases.TestCases@1ffaf86]" started-at="2023-01-19T11:24:29 IST" name="HomeScreenVerify" finished-at="2023-01-19T11:24:40 IST" duration-ms="11146" status="PASS">
          <reporter-output>
          </reporter-output>
        </test-method> <!-- HomeScreenVerify -->
        <test-method signature="SubCatsVerify()[pri:5, instance:TestCases.TestCases@1ffaf86]" started-at="2023-01-19T11:24:40 IST" name="SubCatsVerify" finished-at="2023-01-19T11:24:48 IST" duration-ms="7647" status="PASS">
          <reporter-output>
          </reporter-output>
        </test-method> <!-- SubCatsVerify -->
        <test-method signature="ServiceSubHeadingVerify()[pri:7, instance:TestCases.TestCases@1ffaf86]" started-at="2023-01-19T11:24:48 IST" name="ServiceSubHeadingVerify" finished-at="2023-01-19T11:24:49 IST" duration-ms="1272" status="PASS">
          <reporter-output>
          </reporter-output>
        </test-method> <!-- ServiceSubHeadingVerify -->
        <test-method signature="AllProductDetailsVerify()[pri:8, instance:TestCases.TestCases@1ffaf86]" started-at="2023-01-19T11:24:49 IST" name="AllProductDetailsVerify" finished-at="2023-01-19T11:25:02 IST" duration-ms="12773" status="FAIL">
          <exception class="org.openqa.selenium.ElementClickInterceptedException">
            <message>
              <![CDATA[element click intercepted: Element <span class="cart_prdt" id="489">...</span> is not clickable at point (230, 619). Other element would receive the click: <div class="cart_cost">...</div>
  (Session info: chrome=108.0.5359.128)
Build info: version: '4.5.0', revision: 'fe167b119a'
System info: os.name: 'Linux', os.arch: 'amd64', os.version: '5.15.0-58-generic', java.version: '17.0.5'
Driver info: io.appium.java_client.android.AndroidDriver
Command: [f7aadc1a-9946-4904-9d60-2be3df5fccfd, clickElement {id=333bee94-efba-4349-9678-eaeaf185cfa0}]
Capabilities {appium:appActivity: com.google.android.apps.chr..., appium:appPackage: com.android.chrome, appium:automationName: UIAutomator2, appium:chromedriverExecutable: /home/yesmadam/Desktop/Driv..., appium:databaseEnabled: false, appium:desired: {automationName: UIAutomator2, browserName: Chrome, chromedriverExecutable: /home/yesmadam/Desktop/Driv..., platformName: android}, appium:deviceApiLevel: 27, appium:deviceManufacturer: vivo, appium:deviceModel: vivo 1908, appium:deviceName: OVINKFHATGIR6PBE, appium:deviceScreenDensity: 320, appium:deviceScreenSize: 720x1520, appium:deviceUDID: OVINKFHATGIR6PBE, appium:javascriptEnabled: true, appium:locationContextEnabled: false, appium:networkConnectionEnabled: true, appium:pixelRatio: 2, appium:platformVersion: 8.1.0, appium:statBarHeight: 56, appium:takesScreenshot: true, appium:viewportRect: {height: 1380, left: 0, top: 56, width: 720}, appium:warnings: {}, appium:webStorageEnabled: false, browserName: Chrome, platformName: ANDROID}
Element: [[AndroidDriver: Chrome on ANDROID (f7aadc1a-9946-4904-9d60-2be3df5fccfd)] -> xpath: (//span[@class='addtocart'])[3]]
Session ID: f7aadc1a-9946-4904-9d60-2be3df5fccfd]]>
            </message>
            <full-stacktrace>
              <![CDATA[org.openqa.selenium.ElementClickInterceptedException: element click intercepted: Element <span class="cart_prdt" id="489">...</span> is not clickable at point (230, 619). Other element would receive the click: <div class="cart_cost">...</div>
  (Session info: chrome=108.0.5359.128)
Build info: version: '4.5.0', revision: 'fe167b119a'
System info: os.name: 'Linux', os.arch: 'amd64', os.version: '5.15.0-58-generic', java.version: '17.0.5'
Driver info: io.appium.java_client.android.AndroidDriver
Command: [f7aadc1a-9946-4904-9d60-2be3df5fccfd, clickElement {id=333bee94-efba-4349-9678-eaeaf185cfa0}]
Capabilities {appium:appActivity: com.google.android.apps.chr..., appium:appPackage: com.android.chrome, appium:automationName: UIAutomator2, appium:chromedriverExecutable: /home/yesmadam/Desktop/Driv..., appium:databaseEnabled: false, appium:desired: {automationName: UIAutomator2, browserName: Chrome, chromedriverExecutable: /home/yesmadam/Desktop/Driv..., platformName: android}, appium:deviceApiLevel: 27, appium:deviceManufacturer: vivo, appium:deviceModel: vivo 1908, appium:deviceName: OVINKFHATGIR6PBE, appium:deviceScreenDensity: 320, appium:deviceScreenSize: 720x1520, appium:deviceUDID: OVINKFHATGIR6PBE, appium:javascriptEnabled: true, appium:locationContextEnabled: false, appium:networkConnectionEnabled: true, appium:pixelRatio: 2, appium:platformVersion: 8.1.0, appium:statBarHeight: 56, appium:takesScreenshot: true, appium:viewportRect: {height: 1380, left: 0, top: 56, width: 720}, appium:warnings: {}, appium:webStorageEnabled: false, browserName: Chrome, platformName: ANDROID}
Element: [[AndroidDriver: Chrome on ANDROID (f7aadc1a-9946-4904-9d60-2be3df5fccfd)] -> xpath: (//span[@class='addtocart'])[3]]
Session ID: f7aadc1a-9946-4904-9d60-2be3df5fccfd
at java.base/jdk.internal.reflect.NativeConstructorAccessorImpl.newInstance0(Native Method)
at java.base/jdk.internal.reflect.NativeConstructorAccessorImpl.newInstance(NativeConstructorAccessorImpl.java:77)
at java.base/jdk.internal.reflect.DelegatingConstructorAccessorImpl.newInstance(DelegatingConstructorAccessorImpl.java:45)
at java.base/java.lang.reflect.Constructor.newInstanceWithCaller(Constructor.java:499)
at java.base/java.lang.reflect.Constructor.newInstance(Constructor.java:480)
at org.openqa.selenium.remote.codec.w3c.W3CHttpResponseCodec.createException(W3CHttpResponseCodec.java:200)
at org.openqa.selenium.remote.codec.w3c.W3CHttpResponseCodec.decode(W3CHttpResponseCodec.java:133)
at org.openqa.selenium.remote.codec.w3c.W3CHttpResponseCodec.decode(W3CHttpResponseCodec.java:53)
at org.openqa.selenium.remote.HttpCommandExecutor.execute(HttpCommandExecutor.java:184)
at io.appium.java_client.remote.AppiumCommandExecutor.execute(AppiumCommandExecutor.java:189)
at org.openqa.selenium.remote.RemoteWebDriver.execute(RemoteWebDriver.java:547)
at org.openqa.selenium.remote.RemoteWebElement.execute(RemoteWebElement.java:257)
at org.openqa.selenium.remote.RemoteWebElement.click(RemoteWebElement.java:78)
at java.base/jdk.internal.reflect.NativeMethodAccessorImpl.invoke0(Native Method)
at java.base/jdk.internal.reflect.NativeMethodAccessorImpl.invoke(NativeMethodAccessorImpl.java:77)
at java.base/jdk.internal.reflect.DelegatingMethodAccessorImpl.invoke(DelegatingMethodAccessorImpl.java:43)
at java.base/java.lang.reflect.Method.invoke(Method.java:568)
at org.openqa.selenium.support.pagefactory.internal.LocatingElementHandler.invoke(LocatingElementHandler.java:52)
at jdk.proxy2/jdk.proxy2.$Proxy15.click(Unknown Source)
at webSitePages.ServiceScreen.AllProductDetails(ServiceScreen.java:142)
at TestCases.TestCases.AllProductDetailsVerify(TestCases.java:86)
at java.base/jdk.internal.reflect.NativeMethodAccessorImpl.invoke0(Native Method)
at java.base/jdk.internal.reflect.NativeMethodAccessorImpl.invoke(NativeMethodAccessorImpl.java:77)
at java.base/jdk.internal.reflect.DelegatingMethodAccessorImpl.invoke(DelegatingMethodAccessorImpl.java:43)
at java.base/java.lang.reflect.Method.invoke(Method.java:568)
at org.testng.internal.invokers.MethodInvocationHelper.invokeMethod(MethodInvocationHelper.java:139)
at org.testng.internal.invokers.TestInvoker.invokeMethod(TestInvoker.java:677)
at org.testng.internal.invokers.TestInvoker.invokeTestMethod(TestInvoker.java:221)
at org.testng.internal.invokers.MethodRunner.runInSequence(MethodRunner.java:50)
at org.testng.internal.invokers.TestInvoker$MethodInvocationAgent.invoke(TestInvoker.java:962)
at org.testng.internal.invokers.TestInvoker.invokeTestMethods(TestInvoker.java:194)
at org.testng.internal.invokers.TestMethodWorker.invokeTestMethods(TestMethodWorker.java:148)
at org.testng.internal.invokers.TestMethodWorker.run(TestMethodWorker.java:128)
at java.base/java.util.ArrayList.forEach(ArrayList.java:1511)
at org.testng.TestRunner.privateRun(TestRunner.java:806)
at org.testng.TestRunner.run(TestRunner.java:601)
at org.testng.SuiteRunner.runTest(SuiteRunner.java:433)
at org.testng.SuiteRunner.runSequentially(SuiteRunner.java:427)
at org.testng.SuiteRunner.privateRun(SuiteRunner.java:387)
at org.testng.SuiteRunner.run(SuiteRunner.java:330)
at org.testng.SuiteRunnerWorker.runSuite(SuiteRunnerWorker.java:52)
at org.testng.SuiteRunnerWorker.run(SuiteRunnerWorker.java:95)
at org.testng.TestNG.runSuitesSequentially(TestNG.java:1256)
at org.testng.TestNG.runSuitesLocally(TestNG.java:1176)
at org.testng.TestNG.runSuites(TestNG.java:1099)
at org.testng.TestNG.run(TestNG.java:1067)
at org.testng.remote.AbstractRemoteTestNG.run(AbstractRemoteTestNG.java:115)
at org.testng.remote.RemoteTestNG.initAndRun(RemoteTestNG.java:251)
at org.testng.remote.RemoteTestNG.main(RemoteTestNG.java:77)
]]>
            </full-stacktrace>
          </exception> <!-- org.openqa.selenium.ElementClickInterceptedException -->
          <reporter-output>
          </reporter-output>
        </test-method> <!-- AllProductDetailsVerify -->
      </class> <!-- TestCases.TestCases -->
    </test> <!-- Default test -->
  </suite> <!-- Default suite -->
</testng-results>
